<?xml version="1.0" encoding="UTF-8"?>
<testng-results skipped="0" failed="0" total="1" passed="1">
  <reporter-output>
  </reporter-output>
  <suite name="Command line suite" duration-ms="6" started-at="2019-08-27T08:24:14Z" finished-at="2019-08-27T08:24:14Z">
    <groups>
    </groups>
    <test name="Command line test" duration-ms="6" started-at="2019-08-27T08:24:14Z" finished-at="2019-08-27T08:24:14Z">
      <class name="com.fang.testNG.AppTest">
        <test-method status="PASS" signature="testApp()[pri:0, instance:testApp(com.fang.testNG.AppTest)]" name="testApp" duration-ms="1" started-at="2019-08-27T16:24:14Z" finished-at="2019-08-27T16:24:14Z">
          <reporter-output>
          </reporter-output>
        </test-method> <!-- testApp -->
      </class> <!-- com.fang.testNG.AppTest -->
    </test> <!-- Command line test -->
  </suite> <!-- Command line suite -->
</testng-results>
