<?xml version="1.0" encoding="UTF-8"?>
<!-- Generated by org.testng.reporters.JUnitXMLReporter -->
<testsuite hostname="DESKTOP-QHI1HU9" name="Command line test" tests="1" failures="1" timestamp="27 Aug 2019 08:24:14 GMT" time="0.026" errors="0">
  <testcase name="f" time="0.001" classname="com.fang.testNG.FirstTest">
    <failure type="junit.framework.AssertionFailedError" message="expected:&amp;lt;3&amp;gt; but was:&amp;lt;2&amp;gt;">
      <![CDATA[junit.framework.AssertionFailedError: expected:<3> but was:<2>
	at junit.framework.Assert.fail(Assert.java:47)
	at junit.framework.Assert.failNotEquals(Assert.java:282)
	at junit.framework.Assert.assertEquals(Assert.java:64)
	at junit.framework.Assert.assertEquals(Assert.java:201)
	at junit.framework.Assert.assertEquals(Assert.java:207)
	at com.fang.testNG.FirstTest.f(FirstTest.java:15)
... Removed 34 stack frames]]>
    </failure>
  </testcase> <!-- f -->
</testsuite> <!-- Command line test -->
